# The running algorithm is : RR
# At time x process y started arr z total w remain u wait v 
At time 1 process 1 started arr 1 total 5 remain 5 wait 0 
At time 4 process 1 stopped arr 1 total 5 remain 2 wait 0 
At time 4 process 2 started arr 2 total 20 remain 20 wait 2 
At time 7 process 2 stopped arr 2 total 20 remain 17 wait 2 
At time 7 process 1 resumed arr 1 total 5 remain 2 wait 3 
At time 9 process 1 finished arr 1 total 5 remain 0 wait 3 TA 8 WTA 1.60
At time 9 process 2 resumed arr 2 total 20 remain 17 wait 4 
At time 12 process 2 stopped arr 2 total 20 remain 14 wait 4 
At time 12 process 2 resumed arr 2 total 20 remain 14 wait 4 
At time 15 process 2 stopped arr 2 total 20 remain 11 wait 4 
At time 15 process 2 resumed arr 2 total 20 remain 11 wait 4 
At time 18 process 2 stopped arr 2 total 20 remain 8 wait 4 
At time 18 process 3 started arr 16 total 5 remain 5 wait 2 
At time 21 process 3 stopped arr 16 total 5 remain 2 wait 2 
At time 21 process 2 resumed arr 2 total 20 remain 8 wait 7 
At time 24 process 2 stopped arr 2 total 20 remain 5 wait 7 
At time 24 process 3 resumed arr 16 total 5 remain 2 wait 5 
At time 26 process 3 finished arr 16 total 5 remain 0 wait 5 TA 10 WTA 2.00
At time 26 process 2 resumed arr 2 total 20 remain 5 wait 9 
At time 29 process 2 stopped arr 2 total 20 remain 2 wait 9 
At time 29 process 2 resumed arr 2 total 20 remain 2 wait 9 
At time 31 process 2 finished arr 2 total 20 remain 0 wait 9 TA 29 WTA 1.45
